[debug] [2022-02-12T15:40:12.502Z] ----------------------------------------------------------------------
[debug] [2022-02-12T15:40:12.504Z] Command:       /usr/local/bin/node /usr/local/bin/firebase init
[debug] [2022-02-12T15:40:12.504Z] CLI Version:   10.2.0
[debug] [2022-02-12T15:40:12.504Z] Platform:      darwin
[debug] [2022-02-12T15:40:12.504Z] Node Version:  v16.13.2
[debug] [2022-02-12T15:40:12.505Z] Time:          Sat Feb 12 2022 10:40:12 GMT-0500 (Eastern Standard Time)
[debug] [2022-02-12T15:40:12.505Z] ----------------------------------------------------------------------
[debug] 
[debug] [2022-02-12T15:40:12.576Z] > command requires scopes: ["email","openid","https://www.googleapis.com/auth/cloudplatformprojects.readonly","https://www.googleapis.com/auth/firebase","https://www.googleapis.com/auth/cloud-platform"]
[debug] [2022-02-12T15:40:12.577Z] > authorizing via signed-in user (jkschy1@gmail.com)
[info] 
     ######## #### ########  ######## ########     ###     ######  ########
     ##        ##  ##     ## ##       ##     ##  ##   ##  ##       ##
     ######    ##  ########  ######   ########  #########  ######  ######
     ##        ##  ##    ##  ##       ##     ## ##     ##       ## ##
     ##       #### ##     ## ######## ########  ##     ##  ######  ########

You're about to initialize a Firebase project in this directory:

  /Users/jschy/repositories/personal/Test-Social-React/my-app

Before we get started, keep in mind:

  * You are initializing within an existing Firebase project directory

[info] 
=== Project Setup
[info] 
[info] First, let's associate this project directory with a Firebase project.
[info] You can create multiple project aliases by running firebase use --add, 
[info] but for now we'll just set up a default project.
[info] 
[debug] [2022-02-12T15:40:18.462Z] Using project from CLI flag: whosnearus-prod
[debug] [2022-02-12T15:40:18.463Z] > refreshing access token with scopes: []
[debug] [2022-02-12T15:40:18.463Z] >>> HTTP REQUEST POST https://www.googleapis.com/oauth2/v3/token  
 <request body omitted>
[debug] [2022-02-12T15:40:18.482Z] Authentication Error: Your credentials are no longer valid. Please run firebase login --reauth

For CI servers and headless environments, generate a new token with firebase login:ci
[debug] [2022-02-12T15:40:18.486Z] FirebaseError: Authentication Error: Your credentials are no longer valid. Please run firebase login --reauth

For CI servers and headless environments, generate a new token with firebase login:ci
    at invalidCredentialError (/usr/local/lib/node_modules/firebase-tools/lib/auth.js:145:12)
    at refreshTokens (/usr/local/lib/node_modules/firebase-tools/lib/auth.js:485:15)
    at processTicksAndRejections (node:internal/process/task_queues:96:5)
    at async Client.getAccessToken (/usr/local/lib/node_modules/firebase-tools/lib/apiv2.js:147:23)
    at async Client.addAuthHeader (/usr/local/lib/node_modules/firebase-tools/lib/apiv2.js:138:21)
    at async Client.request (/usr/local/lib/node_modules/firebase-tools/lib/apiv2.js:94:34)
    at async getFirebaseProject (/usr/local/lib/node_modules/firebase-tools/lib/management/projects.js:290:21)
    at async Object.doSetup [as project] (/usr/local/lib/node_modules/firebase-tools/lib/init/features/project.js:85:27)
    at async init (/usr/local/lib/node_modules/firebase-tools/lib/init/index.js:19:9)
[error] 
[error] Error: Failed to get Firebase project whosnearus-prod. Please make sure the project exists and your account has permission to access it.
[debug] [2022-02-12T15:40:36.648Z] ----------------------------------------------------------------------
[debug] [2022-02-12T15:40:36.650Z] Command:       /usr/local/bin/node /usr/local/bin/firebase init
[debug] [2022-02-12T15:40:36.650Z] CLI Version:   10.2.0
[debug] [2022-02-12T15:40:36.651Z] Platform:      darwin
[debug] [2022-02-12T15:40:36.651Z] Node Version:  v16.13.2
[debug] [2022-02-12T15:40:36.651Z] Time:          Sat Feb 12 2022 10:40:36 GMT-0500 (Eastern Standard Time)
[debug] [2022-02-12T15:40:36.652Z] ----------------------------------------------------------------------
[debug] 
[debug] [2022-02-12T15:40:36.718Z] > command requires scopes: ["email","openid","https://www.googleapis.com/auth/cloudplatformprojects.readonly","https://www.googleapis.com/auth/firebase","https://www.googleapis.com/auth/cloud-platform"]
[debug] [2022-02-12T15:40:36.718Z] > authorizing via signed-in user (jkschy1@gmail.com)
[info] 
     ######## #### ########  ######## ########     ###     ######  ########
     ##        ##  ##     ## ##       ##     ##  ##   ##  ##       ##
     ######    ##  ########  ######   ########  #########  ######  ######
     ##        ##  ##    ##  ##       ##     ## ##     ##       ## ##
     ##       #### ##     ## ######## ########  ##     ##  ######  ########

You're about to initialize a Firebase project in this directory:

  /Users/jschy/repositories/personal/Test-Social-React/my-app

Before we get started, keep in mind:

  * You are initializing within an existing Firebase project directory

[info] 
=== Project Setup
[info] 
[info] First, let's associate this project directory with a Firebase project.
[info] You can create multiple project aliases by running firebase use --add, 
[info] but for now we'll just set up a default project.
[info] 
[debug] [2022-02-12T15:40:39.257Z] Using project from CLI flag: whosnearus-prod
[debug] [2022-02-12T15:40:39.259Z] > refreshing access token with scopes: []
[debug] [2022-02-12T15:40:39.259Z] >>> HTTP REQUEST POST https://www.googleapis.com/oauth2/v3/token  
 <request body omitted>
[debug] [2022-02-12T15:40:39.277Z] Authentication Error: Your credentials are no longer valid. Please run firebase login --reauth

For CI servers and headless environments, generate a new token with firebase login:ci
[debug] [2022-02-12T15:40:39.281Z] FirebaseError: Authentication Error: Your credentials are no longer valid. Please run firebase login --reauth

For CI servers and headless environments, generate a new token with firebase login:ci
    at invalidCredentialError (/usr/local/lib/node_modules/firebase-tools/lib/auth.js:145:12)
    at refreshTokens (/usr/local/lib/node_modules/firebase-tools/lib/auth.js:485:15)
    at processTicksAndRejections (node:internal/process/task_queues:96:5)
    at async Client.getAccessToken (/usr/local/lib/node_modules/firebase-tools/lib/apiv2.js:147:23)
    at async Client.addAuthHeader (/usr/local/lib/node_modules/firebase-tools/lib/apiv2.js:138:21)
    at async Client.request (/usr/local/lib/node_modules/firebase-tools/lib/apiv2.js:94:34)
    at async getFirebaseProject (/usr/local/lib/node_modules/firebase-tools/lib/management/projects.js:290:21)
    at async Object.doSetup [as project] (/usr/local/lib/node_modules/firebase-tools/lib/init/features/project.js:85:27)
    at async init (/usr/local/lib/node_modules/firebase-tools/lib/init/index.js:19:9)
[error] 
[error] Error: Failed to get Firebase project whosnearus-prod. Please make sure the project exists and your account has permission to access it.
